# JRE version: OpenJDK Runtime Environment (8.0_191-b12) (build 1.8.0_191-8u191-b12-2ubuntu0.16.04.1-b12)
# Java VM: OpenJDK 64-Bit Server VM (25.191-b12 mixed mode linux-amd64 compressed oops)
Heap:
 PSYoungGen      total 248320K, used 14313K [0x00000000d7000000, 0x00000000e7a00000, 0x0000000100000000)
  eden space 233984K, 0% used [0x00000000d7000000,0x00000000d7000000,0x00000000e5480000)
  from space 14336K, 99% used [0x00000000e5e00000,0x00000000e6bfa480,0x00000000e6c00000)
  to   space 9216K, 0% used [0x00000000e7100000,0x00000000e7100000,0x00000000e7a00000)
 ParOldGen       total 45568K, used 12590K [0x0000000085000000, 0x0000000087c80000, 0x00000000d7000000)
  object space 45568K, 27% used [0x0000000085000000,0x0000000085c4bbe0,0x0000000087c80000)
 Metaspace       used 34732K, capacity 35958K, committed 36048K, reserved 1081344K
  class space    used 4422K, capacity 4711K, committed 4736K, reserved 1048576K
GC Heap History (10 events):
Event: 0,929 GC heap after
Heap after GC invocations=3 (full 0):
 PSYoungGen      total 68608K, used 5105K [0x00000000d7000000, 0x00000000df600000, 0x0000000100000000)
  eden space 63488K, 0% used [0x00000000d7000000,0x00000000d7000000,0x00000000dae00000)
  from space 5120K, 99% used [0x00000000dae00000,0x00000000db2fc558,0x00000000db300000)
  to   space 5120K, 0% used [0x00000000df100000,0x00000000df100000,0x00000000df600000)
 ParOldGen       total 84992K, used 4524K [0x0000000085000000, 0x000000008a300000, 0x00000000d7000000)
  object space 84992K, 5% used [0x0000000085000000,0x000000008546b138,0x000000008a300000)
 Metaspace       used 20112K, capacity 20694K, committed 20992K, reserved 1067008K
  class space    used 2537K, capacity 2693K, committed 2816K, reserved 1048576K
}
Event: 0,944 GC heap before
{Heap before GC invocations=4 (full 0):
 PSYoungGen      total 68608K, used 9709K [0x00000000d7000000, 0x00000000df600000, 0x0000000100000000)
  eden space 63488K, 7% used [0x00000000d7000000,0x00000000d747f150,0x00000000dae00000)
  from space 5120K, 99% used [0x00000000dae00000,0x00000000db2fc558,0x00000000db300000)
  to   space 5120K, 0% used [0x00000000df100000,0x00000000df100000,0x00000000df600000)
 ParOldGen       total 84992K, used 4524K [0x0000000085000000, 0x000000008a300000, 0x00000000d7000000)
  object space 84992K, 5% used [0x0000000085000000,0x000000008546b138,0x000000008a300000)
 Metaspace       used 20591K, capacity 21188K, committed 21504K, reserved 1069056K
  class space    used 2577K, capacity 2730K, committed 2816K, reserved 1048576K
Event: 0,949 GC heap after
Heap after GC invocations=4 (full 0):
 PSYoungGen      total 132096K, used 5049K [0x00000000d7000000, 0x00000000df600000, 0x0000000100000000)
  eden space 126976K, 0% used [0x00000000d7000000,0x00000000d7000000,0x00000000dec00000)
  from space 5120K, 98% used [0x00000000df100000,0x00000000df5ee680,0x00000000df600000)
  to   space 5120K, 0% used [0x00000000dec00000,0x00000000dec00000,0x00000000df100000)
 ParOldGen       total 84992K, used 4532K [0x0000000085000000, 0x000000008a300000, 0x00000000d7000000)
  object space 84992K, 5% used [0x0000000085000000,0x000000008546d138,0x000000008a300000)
 Metaspace       used 20591K, capacity 21188K, committed 21504K, reserved 1069056K
  class space    used 2577K, capacity 2730K, committed 2816K, reserved 1048576K
}
Event: 0,965 GC heap before
{Heap before GC invocations=5 (full 0):
 PSYoungGen      total 132096K, used 11246K [0x00000000d7000000, 0x00000000df600000, 0x0000000100000000)
  eden space 126976K, 4% used [0x00000000d7000000,0x00000000d760d328,0x00000000dec00000)
  from space 5120K, 98% used [0x00000000df100000,0x00000000df5ee680,0x00000000df600000)
  to   space 5120K, 0% used [0x00000000dec00000,0x00000000dec00000,0x00000000df100000)
 ParOldGen       total 84992K, used 4532K [0x0000000085000000, 0x000000008a300000, 0x00000000d7000000)
  object space 84992K, 5% used [0x0000000085000000,0x000000008546d138,0x000000008a300000)
 Metaspace       used 20957K, capacity 21476K, committed 21628K, reserved 1069056K
  class space    used 2625K, capacity 2762K, committed 2816K, reserved 1048576K
Event: 0,981 GC heap after
Heap after GC invocations=5 (full 0):
 PSYoungGen      total 132096K, used 4969K [0x00000000d7000000, 0x00000000e7a00000, 0x0000000100000000)
  eden space 126976K, 0% used [0x00000000d7000000,0x00000000d7000000,0x00000000dec00000)
  from space 5120K, 97% used [0x00000000dec00000,0x00000000df0da778,0x00000000df100000)
  to   space 9216K, 0% used [0x00000000e7100000,0x00000000e7100000,0x00000000e7a00000)
 ParOldGen       total 84992K, used 4540K [0x0000000085000000, 0x000000008a300000, 0x00000000d7000000)
  object space 84992K, 5% used [0x0000000085000000,0x000000008546f138,0x000000008a300000)
 Metaspace       used 20957K, capacity 21476K, committed 21628K, reserved 1069056K
  class space    used 2625K, capacity 2762K, committed 2816K, reserved 1048576K
}
Event: 0,981 GC heap before
{Heap before GC invocations=6 (full 1):
 PSYoungGen      total 132096K, used 4969K [0x00000000d7000000, 0x00000000e7a00000, 0x0000000100000000)
  eden space 126976K, 0% used [0x00000000d7000000,0x00000000d7000000,0x00000000dec00000)
  from space 5120K, 97% used [0x00000000dec00000,0x00000000df0da778,0x00000000df100000)
  to   space 9216K, 0% used [0x00000000e7100000,0x00000000e7100000,0x00000000e7a00000)
 ParOldGen       total 84992K, used 4540K [0x0000000085000000, 0x000000008a300000, 0x00000000d7000000)
  object space 84992K, 5% used [0x0000000085000000,0x000000008546f138,0x000000008a300000)
 Metaspace       used 20957K, capacity 21476K, committed 21628K, reserved 1069056K
  class space    used 2625K, capacity 2762K, committed 2816K, reserved 1048576K
Event: 1,008 GC heap after
Heap after GC invocations=6 (full 1):
 PSYoungGen      total 132096K, used 0K [0x00000000d7000000, 0x00000000e7a00000, 0x0000000100000000)
  eden space 126976K, 0% used [0x00000000d7000000,0x00000000d7000000,0x00000000dec00000)
  from space 5120K, 0% used [0x00000000dec00000,0x00000000dec00000,0x00000000df100000)
  to   space 9216K, 0% used [0x00000000e7100000,0x00000000e7100000,0x00000000e7a00000)
 ParOldGen       total 45568K, used 5385K [0x0000000085000000, 0x0000000087c80000, 0x00000000d7000000)
  object space 45568K, 11% used [0x0000000085000000,0x00000000855425a0,0x0000000087c80000)
 Metaspace       used 20957K, capacity 21476K, committed 21628K, reserved 1069056K
  class space    used 2625K, capacity 2762K, committed 2816K, reserved 1048576K
}
Event: 1,896 GC heap before
{Heap before GC invocations=7 (full 1):
 PSYoungGen      total 132096K, used 126976K [0x00000000d7000000, 0x00000000e7a00000, 0x0000000100000000)
  eden space 126976K, 100% used [0x00000000d7000000,0x00000000dec00000,0x00000000dec00000)
  from space 5120K, 0% used [0x00000000dec00000,0x00000000dec00000,0x00000000df100000)
  to   space 9216K, 0% used [0x00000000e7100000,0x00000000e7100000,0x00000000e7a00000)
 ParOldGen       total 45568K, used 5385K [0x0000000085000000, 0x0000000087c80000, 0x00000000d7000000)
  object space 45568K, 11% used [0x0000000085000000,0x00000000855425a0,0x0000000087c80000)
 Metaspace       used 29952K, capacity 30988K, committed 31232K, reserved 1077248K
  class space    used 3821K, capacity 4040K, committed 4096K, reserved 1048576K
Event: 1,910 GC heap after
Heap after GC invocations=7 (full 1):
 PSYoungGen      total 243200K, used 9210K [0x00000000d7000000, 0x00000000e7a00000, 0x0000000100000000)
  eden space 233984K, 0% used [0x00000000d7000000,0x00000000d7000000,0x00000000e5480000)
  from space 9216K, 99% used [0x00000000e7100000,0x00000000e79fe908,0x00000000e7a00000)
  to   space 14336K, 0% used [0x00000000e5e00000,0x00000000e5e00000,0x00000000e6c00000)
 ParOldGen       total 45568K, used 11933K [0x0000000085000000, 0x0000000087c80000, 0x00000000d7000000)
  object space 45568K, 26% used [0x0000000085000000,0x0000000085ba75f8,0x0000000087c80000)
 Metaspace       used 29952K, capacity 30988K, committed 31232K, reserved 1077248K
  class space    used 3821K, capacity 4040K, committed 4096K, reserved 1048576K
}
Event: 2,546 GC heap before
{Heap before GC invocations=8 (full 1):
 PSYoungGen      total 243200K, used 97214K [0x00000000d7000000, 0x00000000e7a00000, 0x0000000100000000)
  eden space 233984K, 37% used [0x00000000d7000000,0x00000000dc5f1020,0x00000000e5480000)
  from space 9216K, 99% used [0x00000000e7100000,0x00000000e79fe908,0x00000000e7a00000)
  to   space 14336K, 0% used [0x00000000e5e00000,0x00000000e5e00000,0x00000000e6c00000)
 ParOldGen       total 45568K, used 11933K [0x0000000085000000, 0x0000000087c80000, 0x00000000d7000000)
  object space 45568K, 26% used [0x0000000085000000,0x0000000085ba75f8,0x0000000087c80000)
 Metaspace       used 34732K, capacity 35958K, committed 36048K, reserved 1081344K
  class space    used 4422K, capacity 4711K, committed 4736K, reserved 1048576K

