# JRE version: OpenJDK Runtime Environment (8.0_191-b12) (build 1.8.0_191-8u191-b12-2ubuntu0.16.04.1-b12)
# Java VM: OpenJDK 64-Bit Server VM (25.191-b12 mixed mode linux-amd64 compressed oops)
Heap:
 PSYoungGen      total 502784K, used 13777K [0x00000000d7000000, 0x0000000100000000, 0x0000000100000000)
  eden space 468480K, 0% used [0x00000000d7000000,0x00000000d7000000,0x00000000f3980000)
  from space 34304K, 40% used [0x00000000f8e00000,0x00000000f9b74570,0x00000000faf80000)
  to   space 86528K, 0% used [0x00000000f3980000,0x00000000f3980000,0x00000000f8e00000)
 ParOldGen       total 176640K, used 176603K [0x0000000085000000, 0x000000008fc80000, 0x00000000d7000000)
  object space 176640K, 99% used [0x0000000085000000,0x000000008fc76e80,0x000000008fc80000)
 Metaspace       used 72207K, capacity 75514K, committed 75864K, reserved 1116160K
  class space    used 8865K, capacity 9513K, committed 9600K, reserved 1048576K
GC Heap History (10 events):
Event: 10,444 GC heap after
Heap after GC invocations=11 (full 2):
 PSYoungGen      total 299008K, used 30183K [0x00000000d7000000, 0x00000000f1780000, 0x0000000100000000)
  eden space 268800K, 0% used [0x00000000d7000000,0x00000000d7000000,0x00000000e7680000)
  from space 30208K, 99% used [0x00000000e7680000,0x00000000e93f9eb0,0x00000000e9400000)
  to   space 35328K, 0% used [0x00000000ef500000,0x00000000ef500000,0x00000000f1780000)
 ParOldGen       total 112128K, used 36914K [0x0000000085000000, 0x000000008bd80000, 0x00000000d7000000)
  object space 112128K, 32% used [0x0000000085000000,0x000000008740cab0,0x000000008bd80000)
 Metaspace       used 56398K, capacity 58620K, committed 58840K, reserved 1101824K
  class space    used 6804K, capacity 7297K, committed 7424K, reserved 1048576K
}
Event: 10,469 GC heap before
{Heap before GC invocations=12 (full 2):
 PSYoungGen      total 299008K, used 33205K [0x00000000d7000000, 0x00000000f1780000, 0x0000000100000000)
  eden space 268800K, 1% used [0x00000000d7000000,0x00000000d72f38a8,0x00000000e7680000)
  from space 30208K, 99% used [0x00000000e7680000,0x00000000e93f9eb0,0x00000000e9400000)
  to   space 35328K, 0% used [0x00000000ef500000,0x00000000ef500000,0x00000000f1780000)
 ParOldGen       total 112128K, used 36914K [0x0000000085000000, 0x000000008bd80000, 0x00000000d7000000)
  object space 112128K, 32% used [0x0000000085000000,0x000000008740cab0,0x000000008bd80000)
 Metaspace       used 56645K, capacity 58812K, committed 59028K, reserved 1101824K
  class space    used 6832K, capacity 7297K, committed 7424K, reserved 1048576K
Event: 10,488 GC heap after
Heap after GC invocations=12 (full 2):
 PSYoungGen      total 399872K, used 15067K [0x00000000d7000000, 0x00000000f4200000, 0x0000000100000000)
  eden space 364544K, 0% used [0x00000000d7000000,0x00000000d7000000,0x00000000ed400000)
  from space 35328K, 42% used [0x00000000ef500000,0x00000000f03b6ee0,0x00000000f1780000)
  to   space 33792K, 0% used [0x00000000ed400000,0x00000000ed400000,0x00000000ef500000)
 ParOldGen       total 112128K, used 36986K [0x0000000085000000, 0x000000008bd80000, 0x00000000d7000000)
  object space 112128K, 32% used [0x0000000085000000,0x000000008741eac0,0x000000008bd80000)
 Metaspace       used 56645K, capacity 58812K, committed 59028K, reserved 1101824K
  class space    used 6832K, capacity 7297K, committed 7424K, reserved 1048576K
}
Event: 10,488 GC heap before
{Heap before GC invocations=13 (full 3):
 PSYoungGen      total 399872K, used 15067K [0x00000000d7000000, 0x00000000f4200000, 0x0000000100000000)
  eden space 364544K, 0% used [0x00000000d7000000,0x00000000d7000000,0x00000000ed400000)
  from space 35328K, 42% used [0x00000000ef500000,0x00000000f03b6ee0,0x00000000f1780000)
  to   space 33792K, 0% used [0x00000000ed400000,0x00000000ed400000,0x00000000ef500000)
 ParOldGen       total 112128K, used 36986K [0x0000000085000000, 0x000000008bd80000, 0x00000000d7000000)
  object space 112128K, 32% used [0x0000000085000000,0x000000008741eac0,0x000000008bd80000)
 Metaspace       used 56645K, capacity 58812K, committed 59028K, reserved 1101824K
  class space    used 6832K, capacity 7297K, committed 7424K, reserved 1048576K
Event: 10,631 GC heap after
Heap after GC invocations=13 (full 3):
 PSYoungGen      total 399872K, used 0K [0x00000000d7000000, 0x00000000f4200000, 0x0000000100000000)
  eden space 364544K, 0% used [0x00000000d7000000,0x00000000d7000000,0x00000000ed400000)
  from space 35328K, 0% used [0x00000000ef500000,0x00000000ef500000,0x00000000f1780000)
  to   space 33792K, 0% used [0x00000000ed400000,0x00000000ed400000,0x00000000ef500000)
 ParOldGen       total 134144K, used 48369K [0x0000000085000000, 0x000000008d300000, 0x00000000d7000000)
  object space 134144K, 36% used [0x0000000085000000,0x0000000087f3c7c0,0x000000008d300000)
 Metaspace       used 56645K, capacity 58812K, committed 59028K, reserved 1101824K
  class space    used 6832K, capacity 7297K, committed 7424K, reserved 1048576K
}
Event: 12,496 GC heap before
{Heap before GC invocations=14 (full 3):
 PSYoungGen      total 399872K, used 364544K [0x00000000d7000000, 0x00000000f4200000, 0x0000000100000000)
  eden space 364544K, 100% used [0x00000000d7000000,0x00000000ed400000,0x00000000ed400000)
  from space 35328K, 0% used [0x00000000ef500000,0x00000000ef500000,0x00000000f1780000)
  to   space 33792K, 0% used [0x00000000ed400000,0x00000000ed400000,0x00000000ef500000)
 ParOldGen       total 134144K, used 48369K [0x0000000085000000, 0x000000008d300000, 0x00000000d7000000)
  object space 134144K, 36% used [0x0000000085000000,0x0000000087f3c7c0,0x000000008d300000)
 Metaspace       used 67266K, capacity 70138K, committed 70360K, reserved 1110016K
  class space    used 8255K, capacity 8846K, committed 8960K, reserved 1048576K
Event: 12,541 GC heap after
Heap after GC invocations=14 (full 3):
 PSYoungGen      total 398336K, used 22096K [0x00000000d7000000, 0x00000000faf80000, 0x0000000100000000)
  eden space 364544K, 0% used [0x00000000d7000000,0x00000000d7000000,0x00000000ed400000)
  from space 33792K, 65% used [0x00000000ed400000,0x00000000ee9943e8,0x00000000ef500000)
  to   space 34304K, 0% used [0x00000000f8e00000,0x00000000f8e00000,0x00000000faf80000)
 ParOldGen       total 134144K, used 48377K [0x0000000085000000, 0x000000008d300000, 0x00000000d7000000)
  object space 134144K, 36% used [0x0000000085000000,0x0000000087f3e7c0,0x000000008d300000)
 Metaspace       used 67266K, capacity 70138K, committed 70360K, reserved 1110016K
  class space    used 8255K, capacity 8846K, committed 8960K, reserved 1048576K
}
Event: 40,432 GC heap before
{Heap before GC invocations=15 (full 3):
 PSYoungGen      total 398336K, used 386640K [0x00000000d7000000, 0x00000000faf80000, 0x0000000100000000)
  eden space 364544K, 100% used [0x00000000d7000000,0x00000000ed400000,0x00000000ed400000)
  from space 33792K, 65% used [0x00000000ed400000,0x00000000ee9943e8,0x00000000ef500000)
  to   space 34304K, 0% used [0x00000000f8e00000,0x00000000f8e00000,0x00000000faf80000)
 ParOldGen       total 134144K, used 48377K [0x0000000085000000, 0x000000008d300000, 0x00000000d7000000)
  object space 134144K, 36% used [0x0000000085000000,0x0000000087f3e7c0,0x000000008d300000)
 Metaspace       used 72274K, capacity 75672K, committed 75864K, reserved 1116160K
  class space    used 8889K, capacity 9556K, committed 9600K, reserved 1048576K
Event: 40,622 GC heap after
Heap after GC invocations=15 (full 3):
 PSYoungGen      total 502784K, used 34273K [0x00000000d7000000, 0x0000000100000000, 0x0000000100000000)
  eden space 468480K, 0% used [0x00000000d7000000,0x00000000d7000000,0x00000000f3980000)
  from space 34304K, 99% used [0x00000000f8e00000,0x00000000faf78448,0x00000000faf80000)
  to   space 86528K, 0% used [0x00000000f3980000,0x00000000f3980000,0x00000000f8e00000)
 ParOldGen       total 176640K, used 176597K [0x0000000085000000, 0x000000008fc80000, 0x00000000d7000000)
  object space 176640K, 99% used [0x0000000085000000,0x000000008fc755a0,0x000000008fc80000)
 Metaspace       used 72274K, capacity 75672K, committed 75864K, reserved 1116160K
  class space    used 8889K, capacity 9556K, committed 9600K, reserved 1048576K
}
Event: 40,622 GC heap before
{Heap before GC invocations=16 (full 4):
 PSYoungGen      total 502784K, used 34273K [0x00000000d7000000, 0x0000000100000000, 0x0000000100000000)
  eden space 468480K, 0% used [0x00000000d7000000,0x00000000d7000000,0x00000000f3980000)
  from space 34304K, 99% used [0x00000000f8e00000,0x00000000faf78448,0x00000000faf80000)
  to   space 86528K, 0% used [0x00000000f3980000,0x00000000f3980000,0x00000000f8e00000)
 ParOldGen       total 176640K, used 176597K [0x0000000085000000, 0x000000008fc80000, 0x00000000d7000000)
  object space 176640K, 99% used [0x0000000085000000,0x000000008fc755a0,0x000000008fc80000)
 Metaspace       used 72274K, capacity 75672K, committed 75864K, reserved 1116160K
  class space    used 8889K, capacity 9556K, committed 9600K, reserved 1048576K

